<?xml version="1.0" encoding="UTF-8"?>
<robot generator="Robot 6.1.1 (Python 3.10.14 on win32)" generated="20241223 13:58:04.828" rpa="false" schemaversion="4">
<suite id="s1" name="Tasks" source="d:\RPA2\tasks.robot">
<test id="s1-t1" name="Test1" line="11">
<kw name="Open CRM urlPROD" library="LoginPageLocators">
<kw name="Open Browser" library="RPA.Browser.Selenium">
<arg>${urlPROD}</arg>
<arg>chrome</arg>
<doc>Opens a new browser instance to the optional ``url``.</doc>
<msg timestamp="20241223 13:58:07.860" level="INFO">Opening browser 'chrome' to base url 'https://portal.connect247.vn/Account/Login?ReturnUrl=%2Fconnect%2Fauthorize%2Fcallback%3Fclient_id%3Dsso_center%26redirect_uri%3Dhttps%253A%252F%252Fportal.connect247.vn%252Fsso-fe%252Fsignin-callback.html%26response_type%3Dcode%26scope%3Dopenid%2520profile%2520offline_access%26state%3Db9b58a55d46240d295eb4bbb95711c6e%26code_challenge%3DDEbcdrx2UH-aZ6nwpqgNx1lXJo4Ue3pPybSccj2irjM%26code_challenge_method%3DS256%26response_mode%3Dquery'.</msg>
<status status="PASS" starttime="20241223 13:58:07.859" endtime="20241223 13:58:13.385"/>
</kw>
<kw name="Maximize Browser Window" library="RPA.Browser.Selenium">
<doc>Maximizes current browser window.</doc>
<msg timestamp="20241223 13:58:13.404" level="WARN">Keyword 'Capture Page Screenshot' could not be run on failure: Message: no such window: target window already closed
from unknown error: web view not found
  (Session info: chrome=131.0.6778.140)
Stacktrace:
	GetHandleVerifier [0x00007FF735D0FB05+28789]
	(No symbol) [0x00007FF735C786E0]
	(No symbol) [0x00007FF735B1592A]
	(No symbol) [0x00007FF735AEF505]
	(No symbol) [0x00007FF735B96477]
	(No symbol) [0x00007FF735BAEF42]
	(No symbol) [0x00007FF735B8F1E3]
	(No symbol) [0x00007FF735B5A938]
	(No symbol) [0x00007FF735B5BAA1]
	GetHandleVerifier [0x00007FF73604933D+3410093]
	GetHandleVerifier [0x00007FF73605E7DD+3497293]
	GetHandleVerifier [0x00007FF736052A73+3448803]
	GetHandleVerifier [0x00007FF735DD7BBB+848171]
	(No symbol) [0x00007FF735C83C3F]
	(No symbol) [0x00007FF735C7F6E4]
	(No symbol) [0x00007FF735C7F87D]
	(No symbol) [0x00007FF735C6ED49]
	BaseThreadInitThunk [0x00007FFAE77B259D+29]
	RtlUserThreadStart [0x00007FFAE898AF38+40]
</msg>
<msg timestamp="20241223 13:58:13.511" level="FAIL">NoSuchWindowException: Message: no such window: target window already closed
from unknown error: web view not found
  (Session info: chrome=131.0.6778.140)
Stacktrace:
	GetHandleVerifier [0x00007FF735D0FB05+28789]
	(No symbol) [0x00007FF735C786E0]
	(No symbol) [0x00007FF735B1592A]
	(No symbol) [0x00007FF735AEF505]
	(No symbol) [0x00007FF735B96477]
	(No symbol) [0x00007FF735BAEF42]
	(No symbol) [0x00007FF735B8F1E3]
	(No symbol) [0x00007FF735B5A938]
	(No symbol) [0x00007FF735B5BAA1]
	GetHandleVerifier [0x00007FF73604933D+3410093]
	GetHandleVerifier [0x00007FF73605E7DD+3497293]
	GetHandleVerifier [0x00007FF736052A73+3448803]
	GetHandleVerifier [0x00007FF735DD7BBB+848171]
	(No symbol) [0x00007FF735C83C3F]
	(No symbol) [0x00007FF735C7F6E4]
	(No symbol) [0x00007FF735C7F87D]
	(No symbol) [0x00007FF735C6ED49]
	BaseThreadInitThunk [0x00007FFAE77B259D+29]
	RtlUserThreadStart [0x00007FFAE898AF38+40]
</msg>
<status status="FAIL" starttime="20241223 13:58:13.390" endtime="20241223 13:58:14.046"/>
</kw>
<status status="FAIL" starttime="20241223 13:58:07.858" endtime="20241223 13:58:14.047"/>
</kw>
<kw name="Login urlPROD" library="LoginPageLocators">
<status status="NOT RUN" starttime="20241223 13:58:14.061" endtime="20241223 13:58:14.064"/>
</kw>
<kw name="Sleep" library="BuiltIn">
<arg>2s</arg>
<doc>Pauses the test executed for the given time.</doc>
<status status="NOT RUN" starttime="20241223 13:58:14.077" endtime="20241223 13:58:14.079"/>
</kw>
<kw name="Get Window Handles" library="RPA.Browser.Selenium">
<var>${original_tab}</var>
<doc>Returns all child window handles of the selected browser as a list.</doc>
<status status="NOT RUN" starttime="20241223 13:58:14.104" endtime="20241223 13:58:14.110"/>
</kw>
<kw name="Sleep" library="BuiltIn">
<arg>2s</arg>
<doc>Pauses the test executed for the given time.</doc>
<status status="NOT RUN" starttime="20241223 13:58:14.141" endtime="20241223 13:58:14.143"/>
</kw>
<kw name="Click Element" library="RPA.Browser.Selenium">
<arg>xpath=//*[@id="root"]/div/div[2]/div[2]/div[1]/div[2]/div[1]/div[2]/div[2]</arg>
<doc>Click the element identified by ``locator``.</doc>
<status status="NOT RUN" starttime="20241223 13:58:14.167" endtime="20241223 13:58:14.169"/>
</kw>
<kw name="Sleep" library="BuiltIn">
<arg>3s</arg>
<doc>Pauses the test executed for the given time.</doc>
<status status="NOT RUN" starttime="20241223 13:58:14.183" endtime="20241223 13:58:14.185"/>
</kw>
<kw name="Get Window Handles" library="RPA.Browser.Selenium">
<var>${new_tabs}</var>
<doc>Returns all child window handles of the selected browser as a list.</doc>
<status status="NOT RUN" starttime="20241223 13:58:14.198" endtime="20241223 13:58:14.200"/>
</kw>
<kw name="Evaluate" library="BuiltIn">
<var>${new_tab}</var>
<arg>[tab for tab in ${new_tabs} if tab not in ${original_tab}][0]</arg>
<doc>Evaluates the given expression in Python and returns the result.</doc>
<status status="NOT RUN" starttime="20241223 13:58:14.215" endtime="20241223 13:58:14.217"/>
</kw>
<kw name="Switch Window" library="RPA.Browser.Selenium">
<arg>${new_tab}</arg>
<doc>Switches to browser window matching ``locator``.</doc>
<status status="NOT RUN" starttime="20241223 13:58:14.222" endtime="20241223 13:58:14.224"/>
</kw>
<kw name="Sleep" library="BuiltIn">
<arg>6s</arg>
<doc>Pauses the test executed for the given time.</doc>
<status status="NOT RUN" starttime="20241223 13:58:14.229" endtime="20241223 13:58:14.232"/>
</kw>
<kw name="Click Element" library="RPA.Browser.Selenium">
<arg>xpath=//*[@id="root"]/section/header/div[2]/div[1]/div[2]/div[2]/div/ul/li[2]/div/span</arg>
<doc>Click the element identified by ``locator``.</doc>
<status status="NOT RUN" starttime="20241223 13:58:14.253" endtime="20241223 13:58:14.255"/>
</kw>
<kw name="Sleep" library="BuiltIn">
<arg>3s</arg>
<doc>Pauses the test executed for the given time.</doc>
<status status="NOT RUN" starttime="20241223 13:58:14.280" endtime="20241223 13:58:14.286"/>
</kw>
<kw name="Test" library="Common_keyword">
<status status="NOT RUN" starttime="20241223 13:58:14.295" endtime="20241223 13:58:14.296"/>
</kw>
<status status="FAIL" starttime="20241223 13:58:07.857" endtime="20241223 13:58:14.300">NoSuchWindowException: Message: no such window: target window already closed
from unknown error: web view not found
  (Session info: chrome=131.0.6778.140)
Stacktrace:
	GetHandleVerifier [0x00007FF735D0FB05+28789]
	(No symbol) [0x00007FF735C786E0]
	(No symbol) [0x00007FF735B1592A]
	(No symbol) [0x00007FF735AEF505]
	(No symbol) [0x00007FF735B96477]
	(No symbol) [0x00007FF735BAEF42]
	(No symbol) [0x00007FF735B8F1E3]
	(No symbol) [0x00007FF735B5A938]
	(No symbol) [0x00007FF735B5BAA1]
	GetHandleVerifier [0x00007FF73604933D+3410093]
	GetHandleVerifier [0x00007FF73605E7DD+3497293]
	GetHandleVerifier [0x00007FF736052A73+3448803]
	GetHandleVerifier [0x00007FF735DD7BBB+848171]
	(No symbol) [0x00007FF735C83C3F]
	(No symbol) [0x00007FF735C7F6E4]
	(No symbol) [0x00007FF735C7F87D]
	(No symbol) [0x00007FF735C6ED49]
	BaseThreadInitThunk [0x00007FFAE77B259D+29]
	RtlUserThreadStart [0x00007FFAE898AF38+40]
</status>
</test>
<status status="FAIL" starttime="20241223 13:58:04.840" endtime="20241223 13:58:14.320"/>
</suite>
<statistics>
<total>
<stat pass="0" fail="1" skip="0">All Tests</stat>
</total>
<tag>
</tag>
<suite>
<stat pass="0" fail="1" skip="0" id="s1" name="Tasks">Tasks</stat>
</suite>
</statistics>
<errors>
<msg timestamp="20241223 13:58:13.404" level="WARN">Keyword 'Capture Page Screenshot' could not be run on failure: Message: no such window: target window already closed
from unknown error: web view not found
  (Session info: chrome=131.0.6778.140)
Stacktrace:
	GetHandleVerifier [0x00007FF735D0FB05+28789]
	(No symbol) [0x00007FF735C786E0]
	(No symbol) [0x00007FF735B1592A]
	(No symbol) [0x00007FF735AEF505]
	(No symbol) [0x00007FF735B96477]
	(No symbol) [0x00007FF735BAEF42]
	(No symbol) [0x00007FF735B8F1E3]
	(No symbol) [0x00007FF735B5A938]
	(No symbol) [0x00007FF735B5BAA1]
	GetHandleVerifier [0x00007FF73604933D+3410093]
	GetHandleVerifier [0x00007FF73605E7DD+3497293]
	GetHandleVerifier [0x00007FF736052A73+3448803]
	GetHandleVerifier [0x00007FF735DD7BBB+848171]
	(No symbol) [0x00007FF735C83C3F]
	(No symbol) [0x00007FF735C7F6E4]
	(No symbol) [0x00007FF735C7F87D]
	(No symbol) [0x00007FF735C6ED49]
	BaseThreadInitThunk [0x00007FFAE77B259D+29]
	RtlUserThreadStart [0x00007FFAE898AF38+40]
</msg>
</errors>
</robot>
